Please input your token: Welcome to Macrohard 36-bit computer!
((x%z)%(x%k))
2711444236
max: 125
((2711444236%0)%(2711444236%1)) 2711444236
{'x': 2711444236, 'z': 0, 'k': 1} 1 1 / 1
x=2711444236 z=0 k=1

((-y)/(x*x))
0
max: 9
((-0)/(1*1)) 0
{'y': 0, 'x': 1} 1 2 / 2
y=0 x=1

((-y)%(i+y))
40189947051
max: 25
((-28529529685)%(40189947051+28529529685)) 40189947051
{'y': 28529529685, 'i': 40189947051} 1 3 / 3
y=28529529685 i=40189947051

(-(z/k))
68719476733
max: 25
(-(3/1)) 68719476733
{'z': 3, 'k': 1} 1 4 / 4
z=3 k=1

((x-i)+(j*j))
8229762942
max: 343
((0-60489713794)+(0*0)) 8229762942
{'x': 0, 'i': 60489713794, 'j': 0} 1 5 / 5
x=0 i=60489713794 j=0

((z/j)%(k-z))
0
max: 27
((0/0)%(1-0)) 0
{'z': 0, 'j': 0, 'k': 1} 1 6 / 6
z=0 j=0 k=1

((z*i)/(-k))
0
max: 27
((0*0)/(-1)) 0
{'z': 0, 'i': 0, 'k': 1} 1 7 / 7
z=0 i=0 k=1

((z%y)-(j*j))
41168403470
max: 125
((41168403470%0)-(0*0)) 41168403470
{'z': 41168403470, 'y': 0, 'j': 0} 1 8 / 8
z=41168403470 y=0 j=0

((-x)/(-x))
1
max: 3
((-1)/(-1)) 1
{'x': 1} 1 9 / 9
x=1

(((z-i)-(-k))/((-z)*(-j)))
0
max: 81
(((1-0)-(-0))/((-1)*(-68719476735))) 0
{'z': 1, 'i': 0, 'k': 0, 'j': 68719476735} 1 10 / 10
z=1 i=0 k=0 j=68719476735

(-((x+j)+(z*x)))
2017405643
max: 125
(-((0+66702071093)+(0*0))) 2017405643
{'x': 0, 'j': 66702071093, 'z': 0} 1 11 / 11
x=0 j=66702071093 z=0

((-(z+y))%((z%y)-(-z)))
29596410388
max: 49
((-(0+39123066348))%((0%39123066348)-(-0))) 29596410388
{'z': 0, 'y': 39123066348} 1 12 / 12
z=0 y=39123066348

(((-k)/(-z))*((z+y)%(i*j)))
11181290127
max: 3125
(((-0)/(-0))*((0+57538186609)%(0*0))) 11181290127
{'k': 0, 'z': 0, 'y': 57538186609, 'i': 0, 'j': 0} 1 13 / 13
k=0 z=0 y=57538186609 i=0 j=0

(((z+k)%(j*y))/((-j)-(-k)))
1
max: 81
(((0+1)%(0*0))/((-0)-(-1))) 1
{'z': 0, 'k': 1, 'j': 0, 'y': 0} 1 14 / 14
z=0 k=1 j=0 y=0

((-(x-i))+(-(-j)))
35752924309
max: 125
((-(0-0))+(-(-35752924309))) 35752924309
{'x': 0, 'i': 0, 'j': 35752924309} 1 15 / 15
x=0 i=0 j=35752924309

(-((y+j)/(i%x)))
68719476735
max: 625
(-((0+1)/(1%0))) 68719476735
{'y': 0, 'j': 1, 'i': 1, 'x': 0} 1 16 / 16
y=0 j=1 i=1 x=0

((-(y+x))%((k*j)+(x*x)))
38673814339
max: 625
((-(0+30045662397))%((0*0)+(30045662397*30045662397))) 38673814339
{'y': 0, 'x': 30045662397, 'k': 0, 'j': 0} 1 17 / 17
y=0 x=30045662397 k=0 j=0

((-(-j))-(-(i/j)))
52332019775
max: 25
((-(-52332019775))-(-(0/52332019775))) 52332019775
{'j': 52332019775, 'i': 0} 1 18 / 18
j=52332019775 i=0

((-(x*y))/((-z)/(x+i)))
1813862620
max: 2401
((-(1*66905614116))/((-1)/(1+66905614116))) 1813862620
{'x': 1, 'y': 66905614116, 'z': 1, 'i': 66905614116} 1 19 / 19
x=1 y=66905614116 z=1 i=66905614116

((-(-y))-(-(j-i)))
67304447410
max: 125
((-(-0))-(-(0-1415029326))) 67304447410
{'y': 0, 'j': 0, 'i': 1415029326} 1 20 / 20
y=0 j=0 i=1415029326

(((j%i)+(x%i))/(-(-j)))
3
max: 125
(((1%68719476733)+(68719476735%68719476733))/(-(-1))) 3
{'j': 1, 'i': 68719476733, 'x': 68719476735} 1 21 / 21
j=1 i=68719476733 x=68719476735

(((x-z)+(x*i))%(-(-y)))
2307098095
max: 625
(((0-66412378641)+(0*0))%(-(-0))) 2307098095
{'x': 0, 'z': 66412378641, 'i': 0, 'y': 0} 1 22 / 22
x=0 z=66412378641 i=0 y=0

(-((z-y)/(i*z)))
68719476732
max: 125
{'z': 4, 'y': 4, 'i': 4} 0 22 / 23
z=4 y=4 i=4

((-(y/z))%(-(-y)))
26660045371
max: 25
((-(42059431365/1))%(-(-42059431365))) 26660045371
{'y': 42059431365, 'z': 1} 1 23 / 24
y=42059431365 z=1

((-(-x))-((y/y)-(j*z)))
45116906354
max: 625
((-(-1))-((1/1)-(1*45116906354))) 45116906354
{'x': 1, 'y': 1, 'j': 1, 'z': 45116906354} 1 24 / 25
x=1 y=1 j=1 z=45116906354

(-(-(k+z)))
22205223395
max: 25
(-(-(0+22205223395))) 22205223395
{'k': 0, 'z': 22205223395} 1 25 / 26
k=0 z=22205223395

(((y%z)+(-k))*(-(z+x)))
18866289378
max: 2401
(((0%0)+(-1))*(-(0+18866289378))) 18866289378
{'y': 0, 'z': 0, 'k': 1, 'x': 18866289378} 1 26 / 27
y=0 z=0 k=1 x=18866289378

((-(k%j))%((i+k)/(-y)))
0
max: 81
((-(0%0))%((0+0)/(-0))) 0
{'k': 0, 'j': 0, 'i': 0, 'y': 0} 1 27 / 28
k=0 j=0 i=0 y=0

((-(z%z))%((i/k)-(-i)))
0
max: 27
((-(0%0))%((0/0)-(-0))) 0
{'z': 0, 'i': 0, 'k': 0} 1 28 / 29
z=0 i=0 k=0

(((i*x)%(x/i))-(-(y-z)))
43603444704
max: 625
(((0*0)%(0/0))-(-(0-25116032032))) 43603444704
{'i': 0, 'x': 0, 'y': 0, 'z': 25116032032} 1 29 / 30
i=0 x=0 y=0 z=25116032032

(((-z)-(x%y))-(-(x+i)))
52603743266
max: 2401
(((-0)-(0%0))-(-(0+52603743266))) 52603743266
{'z': 0, 'x': 0, 'y': 0, 'i': 52603743266} 1 30 / 31
z=0 x=0 y=0 i=52603743266

(((j+j)*(z/j))+(-(j%i)))
66613207052
max: 343
(((1+1)*(33306603526/1))+(-(1%1))) 66613207052
{'j': 1, 'z': 33306603526, 'i': 1} 1 31 / 32
j=1 z=33306603526 i=1

(((y-x)%(y+y))*(-(-z)))
2162861028
max: 343
(((0-1)%(0+0))*(-(-66556615708))) 2162861028
{'y': 0, 'x': 1, 'z': 66556615708} 1 32 / 33
y=0 x=1 z=66556615708

(((j/y)-(z-x))-((-y)-(x-i)))
52884426711
max: 3125
(((0/0)-(1-1))-((-0)-(1-15835050025))) 52884426711
{'j': 0, 'y': 0, 'z': 1, 'x': 1, 'i': 15835050025} 1 33 / 34
j=0 y=0 z=1 x=1 i=15835050025

(-((i*j)*(j%x)))
13745883136
max: 125
(-((54973593600*1)*(1%0))) 13745883136
{'i': 54973593600, 'j': 1, 'x': 0} 1 34 / 35
i=54973593600 j=1 x=0

(((y*i)*(j/y))*((x%x)-(-i)))
15750932032
max: 625
(((1*1)*(15750932032/1))*((0%0)-(-1))) 15750932032
{'y': 1, 'i': 1, 'j': 15750932032, 'x': 0} 1 35 / 36
y=1 i=1 j=15750932032 x=0

(-(-(y/y)))
1
max: 3
(-(-(1/1))) 1
{'y': 1} 1 36 / 37
y=1

(((i%x)*(z+y))%((z-i)+(j+y)))
32366473510
max: 16807
(((1%0)*(0+32366473510))%((0-1)+(32366473510+32366473510))) 32366473510
{'i': 1, 'x': 0, 'z': 0, 'y': 32366473510, 'j': 32366473510} 1 37 / 38
i=1 x=0 z=0 y=32366473510 j=32366473510

(((y/j)-(y/y))%((-i)*(z*y)))
12958476287
max: 625
{'y': 55761000449, 'j': 55761000449, 'i': 55761000449, 'z': 55761000449} 0 37 / 39
y=55761000449 j=55761000449 i=55761000449 z=55761000449

(((x-y)/(j+j))+(-(x-z)))
37547235618
max: 2401
(((0-0)/(1+1))+(-(0-37547235618))) 37547235618
{'x': 0, 'y': 0, 'j': 1, 'z': 37547235618} 1 38 / 40
x=0 y=0 j=1 z=37547235618

(((j/y)%(y*j))%((z*y)*(x/x)))
0
max: 81
(((0/1)%(1*0))%((0*1)*(0/0))) 0
{'j': 0, 'y': 1, 'z': 0, 'x': 0} 1 39 / 41
j=0 y=1 z=0 x=0

(-(-(-i)))
6573276554
max: 5
(-(-(-62146200182))) 6573276554
{'i': 62146200182} 1 40 / 42
i=62146200182

((-(y+j))-(-(z/i)))
26409924921
max: 625
((-(0+0))-(-(26409924921/1))) 26409924921
{'y': 0, 'j': 0, 'z': 26409924921, 'i': 1} 1 41 / 43
y=0 j=0 z=26409924921 i=1

(((j-j)-(y*z))*((z*z)+(-z)))
62988314688
max: 343
(((0-0)-(31494157344*68719476735))*((68719476735*68719476735)+(-68719476735))) 62988314688
{'j': 0, 'y': 31494157344, 'z': 68719476735} 1 42 / 44
j=0 y=31494157344 z=68719476735

(((i/j)*(z+x))-((z*y)-(x+y)))
67374345523
max: 3125
(((0/0)*(0+0))-((0*67374345523)-(0+67374345523))) 67374345523
{'i': 0, 'j': 0, 'z': 0, 'x': 0, 'y': 67374345523} 1 43 / 45
i=0 j=0 z=0 x=0 y=67374345523

(-((-x)*(j/i)))
32529615664
max: 125
(-((-1)*(32529615664/1))) 32529615664
{'x': 1, 'j': 32529615664, 'i': 1} 1 44 / 46
x=1 j=32529615664 i=1

(-((j+x)%(z-j)))
23060014933
max: 125
(-((0+45659461803)%(0-0))) 23060014933
{'j': 0, 'x': 45659461803, 'z': 0} 1 45 / 47
j=0 x=45659461803 z=0

(((z*x)/(-i))*((z%y)-(-z)))
35551840744
max: 625
(((1*35551840744)/(-68719476735))*((1%1)-(-1))) 35551840744
{'z': 1, 'x': 35551840744, 'i': 68719476735, 'y': 1} 1 46 / 48
z=1 x=35551840744 i=68719476735 y=1

((-(z-y))%((j*y)-(i/y)))
41402688624
max: 625
((-(0-41402688624))%((0*41402688624)-(0/41402688624))) 41402688624
{'z': 0, 'y': 41402688624, 'j': 0, 'i': 0} 1 47 / 49
z=0 y=41402688624 j=0 i=0

(((y-i)%(-z))+((-y)*(-i)))
18341401594
max: 343
(((0-50378075142)%(-0))+((-0)*(-50378075142))) 18341401594
{'y': 0, 'i': 50378075142, 'z': 0} 1 48 / 50
y=0 i=50378075142 z=0

(((x/y)/(z/j))*((-i)/(x+z)))
0
max: 243
(((0/0)/(1/0))*((-0)/(0+1))) 0
{'x': 0, 'y': 0, 'z': 1, 'j': 0, 'i': 0} 1 49 / 51
x=0 y=0 z=1 j=0 i=0

((-(x+i))-((j*x)+(-y)))
14913885788
max: 2401
((-(0+0))-((0*0)+(-14913885788))) 14913885788
{'x': 0, 'i': 0, 'j': 0, 'y': 14913885788} 1 50 / 52
x=0 i=0 j=0 y=14913885788

(((i%z)*(i+x))+((-x)*(y%y)))
21809384967
max: 625
{'i': 46910091769, 'z': 46910091769, 'x': 46910091769, 'y': 46910091769} 0 50 / 53
i=46910091769 z=46910091769 x=46910091769 y=46910091769

((-(j/y))*((-i)-(j%x)))
0
max: 81
((-(0/0))*((-0)-(0%0))) 0
{'j': 0, 'y': 0, 'i': 0, 'x': 0} 1 51 / 54
j=0 y=0 i=0 x=0

(((-z)/(-y))-((i/y)-(y+j)))
56627302704
max: 2401
(((-0)/(-0))-((0/0)-(0+56627302704))) 56627302704
{'z': 0, 'y': 0, 'i': 0, 'j': 56627302704} 1 52 / 55
z=0 y=0 i=0 j=56627302704

(((-j)-(x%x))-((x-j)%(y-z)))
12706638535
max: 625
(((-0)-(56012838201%56012838201))-((56012838201-0)%(0-0))) 12706638535
{'j': 0, 'x': 56012838201, 'y': 0, 'z': 0} 1 53 / 56
j=0 x=56012838201 y=0 z=0

((-(y%j))-(-(-i)))
14710688526
max: 125
((-(0%0))-(-(-54008788210))) 14710688526
{'y': 0, 'j': 0, 'i': 54008788210} 1 54 / 57
y=0 j=0 i=54008788210

((-(-j))*((i%x)-(j%z)))
36670750670
max: 625
((-(-1))*((36670750670%0)-(1%1))) 36670750670
{'j': 1, 'i': 36670750670, 'x': 0, 'z': 1} 1 55 / 58
j=1 i=36670750670 x=0 z=1

(((x-x)%(i%z))+(-(z+z)))
45648218732
max: 343
(((0-0)%(0%45895367370))+(-(45895367370+45895367370))) 45648218732
{'x': 0, 'i': 0, 'z': 45895367370} 1 56 / 59
x=0 i=0 z=45895367370

(((y*i)%(z*i))/(-(-z)))
0
max: 27
(((0*0)%(1*0))/(-(-1))) 0
{'y': 0, 'i': 0, 'z': 1} 1 57 / 60
y=0 i=0 z=1

(((y-i)/(-i))%((-x)/(y/i)))
0
max: 27
(((0-0)/(-0))%((-1)/(0/0))) 0
{'y': 0, 'i': 0, 'x': 1} 1 58 / 61
y=0 i=0 x=1

(((-x)*(x%y))-((y+x)/(y*i)))
59249567941
max: 125
{'x': 9469908795, 'y': 9469908795, 'i': 9469908795} 0 58 / 62
x=9469908795 y=9469908795 i=9469908795

(((i*i)*(x/z))/((z%i)%(-y)))
302
max: 625
(((68719476735*68719476735)*(302/1))/((1%68719476735)%(-0))) 302
{'i': 68719476735, 'x': 302, 'z': 1, 'y': 0} 1 59 / 63
i=68719476735 x=302 z=1 y=0

(((-i)*(-i))%((x%y)*(i%y)))
73105741
max: 125
(((-73105741)*(-73105741))%((68719476735%68646370995)*(73105741%68646370995))) 73105741
{'i': 73105741, 'x': 68719476735, 'y': 68646370995} 1 60 / 64
i=73105741 x=68719476735 y=68646370995

((-(-x))+((y*z)+(-y)))
37165352112
max: 343
((-(-0))+((31554124624*0)+(-31554124624))) 37165352112
{'x': 0, 'y': 31554124624, 'z': 0} 1 61 / 65
x=0 y=31554124624 z=0

(-((-z)/(i/y)))
66488266912
max: 125
(-((-66488266912)/(1/1))) 66488266912
{'z': 66488266912, 'i': 1, 'y': 1} 1 62 / 66
z=66488266912 i=1 y=1

(-(-(-z)))
25669605395
max: 5
(-(-(-43049871341))) 25669605395
{'z': 43049871341} 1 63 / 67
z=43049871341

((-(x%i))+((z%y)%(y%i)))
52688241831
max: 625
((-(0%0))+((52688241831%0)%(0%0))) 52688241831
{'x': 0, 'i': 0, 'z': 52688241831, 'y': 0} 1 64 / 68
x=0 i=0 z=52688241831 y=0

(((-x)*(z*z))*(-(-i)))
26122236896
max: 125
(((-1)*(1*1))*(-(-42597239840))) 26122236896
{'x': 1, 'z': 1, 'i': 42597239840} 1 65 / 69
x=1 z=1 i=42597239840

((((x/z)*(i-y))*((x-x)-(z%i)))-(-((x+i)-(x/z))))
17582697639
max: 625
((((0/1)*(17582697639-0))*((0-0)-(1%17582697639)))-(-((0+17582697639)-(0/1)))) 17582697639
{'x': 0, 'z': 1, 'i': 17582697639, 'y': 0} 1 66 / 70
x=0 z=1 i=17582697639 y=0

((-((-z)*(x*x)))/(((-i)+(y+x))*((x/y)-(x/i))))
0
max: 81
((-((-0)*(0*0)))/(((-0)+(1+0))*((0/1)-(0/0)))) 0
{'z': 0, 'x': 0, 'i': 0, 'y': 1} 1 67 / 71
z=0 x=0 i=0 y=1

((-((z/y)-(y+i)))%(((x*i)-(-x))*((y*z)%(x+y))))
47564688010
max: 2401
((-((0/47564688010)-(47564688010+0)))%(((0*0)-(-0))*((47564688010*0)%(0+47564688010)))) 47564688010
{'z': 0, 'y': 47564688010, 'i': 0, 'x': 0} 1 68 / 72
z=0 y=47564688010 i=0 x=0

(((-(i-y))%((-x)%(-z)))/(-((y/z)*(i-x))))
0
max: 81
(((-(0-0))%((-1)%(-0)))/(-((0/0)*(0-1)))) 0
{'i': 0, 'y': 0, 'x': 1, 'z': 0} 1 69 / 73
i=0 y=0 x=1 z=0

(-((-(x-y))/((i-z)-(i/x))))
68719476642
max: 625
(-((-(0-94))/((0-0)-(0/0)))) 68719476642
{'x': 0, 'y': 94, 'i': 0, 'z': 0} 1 70 / 74
x=0 y=94 i=0 z=0

(-((-(z-i))-((i/z)%(-y))))
35532122339
max: 125
(-((-(0-33187354397))-((33187354397/0)%(-1)))) 35532122339
{'z': 0, 'i': 33187354397, 'y': 1} 1 71 / 75
z=0 i=33187354397 y=1

((((i+i)*(-i))/((-z)-(-i)))*(((z*i)/(x/z))%((z/z)*(y%y))))
0
max: 81
((((0+0)*(-0))/((-0)-(-0)))*(((0*0)/(0/0))%((0/0)*(0%0)))) 0
{'i': 0, 'z': 0, 'x': 0, 'y': 0} 1 72 / 76
i=0 z=0 x=0 y=0

((((y*z)+(z-y))*((-y)%(i+i)))+((-(i%x))%((-z)-(y+i))))
16728328493
max: 625
((((0*68719476735)+(68719476735-0))*((-0)%(51991148243+51991148243)))+((-(51991148243%0))%((-68719476735)-(0+51991148243)))) 16728328493
{'y': 0, 'z': 68719476735, 'i': 51991148243, 'x': 0} 1 73 / 77
y=0 z=68719476735 i=51991148243 x=0

((((-i)-(i/z))*((x+i)+(z%i)))/(((i+z)-(-i))*(-(-z))))
3
max: 125
{'i': 68719476733, 'z': 68719476733, 'x': 68719476733} 0 73 / 78
i=68719476733 z=68719476733 x=68719476733

((((-x)/(i-x))%((i-y)%(y-y)))%(((y%i)*(i+z))/((i*z)/(-x))))
1
max: 81
((((-1)/(0-1))%((0-0)%(0-0)))%(((0%0)*(0+0))/((0*0)/(-1)))) 1
{'x': 1, 'i': 0, 'y': 0, 'z': 0} 1 74 / 79
x=1 i=0 y=0 z=0

((-((x%x)*(z%y)))%(-((y+z)/(i/x))))
0
max: 81
((-((0%0)*(0%0)))%(-((0+0)/(0/0)))) 0
{'x': 0, 'z': 0, 'y': 0, 'i': 0} 1 75 / 80
x=0 z=0 y=0 i=0

(-(((i%z)*(z*y))+((x/x)+(z/x))))
2194330456
max: 2401
(-(((1%68719476735)*(68719476735*2194330456))+((1/1)+(68719476735/1)))) 2194330456
{'i': 1, 'z': 68719476735, 'y': 2194330456, 'x': 1} 1 76 / 81
i=1 z=68719476735 y=2194330456 x=1

((-((-i)/(y-x)))*(-((-z)*(y-z))))
0
max: 81
((-((-0)/(0-0)))*(-((-0)*(0-0)))) 0
{'i': 0, 'y': 0, 'x': 0, 'z': 0} 1 77 / 82
i=0 y=0 x=0 z=0

(-(((y-z)-(y+y))-((y%x)/(y/i))))
47773948802
max: 2401
(-(((0-47773948802)-(0+0))-((0%0)/(0/0)))) 47773948802
{'y': 0, 'z': 47773948802, 'x': 0, 'i': 0} 1 78 / 83
y=0 z=47773948802 x=0 i=0

(-(-((-x)-(i/y))))
23015815487
max: 125
(-(-((-0)-(45703661249/1)))) 23015815487
{'x': 0, 'i': 45703661249, 'y': 1} 1 79 / 84
x=0 i=45703661249 y=1

(-(((-i)/(i+z))*((-i)%(i*i))))
0
max: 9
(-(((-0)/(0+0))*((-0)%(0*0)))) 0
{'i': 0, 'z': 0} 1 80 / 85
i=0 z=0

((((i%x)-(x-z))-((i+y)%(i+z)))-(((x%x)%(y*i))+((y%z)*(-x))))
39257044957
max: 625
((((0%0)-(0-0))-((0+29462431779)%(0+0)))-(((0%0)%(29462431779*0))+((29462431779%0)*(-0)))) 39257044957
{'i': 0, 'x': 0, 'z': 0, 'y': 29462431779} 1 81 / 86
i=0 x=0 z=0 y=29462431779

((-(-(z%x)))*(-(-(z%y))))
40536130142
max: 125
{'z': 28183346594, 'x': 28183346594, 'y': 28183346594} 0 81 / 87
z=28183346594 x=28183346594 y=28183346594

((((z%y)/(-z))+((i/i)%(-y)))+((-(z*z))%(-(z*z))))
1
max: 27
((((1%0)/(-1))+((1/1)%(-0)))+((-(1*1))%(-(1*1)))) 1
{'z': 1, 'y': 0, 'i': 1} 1 82 / 88
z=1 y=0 i=1

(-(((-x)*(-z))/(-(i/i))))
0
max: 27
(-(((-0)*(-0))/(-(0/0)))) 0
{'x': 0, 'z': 0, 'i': 0} 1 83 / 89
x=0 z=0 i=0

((-(-(-y)))+((-(z*y))*((y+i)+(-i))))
46158316610
max: 343
((-(-(-22561160126)))+((-(0*22561160126))*((22561160126+0)+(-0)))) 46158316610
{'y': 22561160126, 'z': 0, 'i': 0} 1 84 / 90
y=22561160126 z=0 i=0

(-(((-z)-(x-z))+((-z)+(z*z))))
2738648309
max: 25
(-(((-0)-(2738648309-0))+((-0)+(0*0)))) 2738648309
{'z': 0, 'x': 2738648309} 1 85 / 91
z=0 x=2738648309

(((-(i-i))+(-(z%z)))+(((-z)%(z-y))/(-(-z))))
1
max: 27
(((-(0-0))+(-(1%1)))+(((-1)%(1-68719476735))/(-(-1)))) 1
{'i': 0, 'z': 1, 'y': 68719476735} 1 86 / 92
i=0 z=1 y=68719476735

(((-(y%i))/((-i)*(i/i)))%((-(y+z))-((z%i)+(z+y))))
3
max: 125
(((-(3%68719476735))/((-68719476735)*(68719476735/68719476735)))%((-(3+0))-((0%68719476735)+(0+3)))) 3
{'y': 3, 'i': 68719476735, 'z': 0} 1 87 / 93
y=3 i=68719476735 z=0

((-(-(z/z)))+(-((x*y)/(-z))))
68719476735
max: 125
{'z': 1, 'x': 1, 'y': 1} 0 87 / 94
z=1 x=1 y=1

(-(((y/i)*(y+x))%((-x)-(x-x))))
45719489859
max: 125
(-(((45719489859/0)*(45719489859+0))%((-0)-(0-0)))) 45719489859
{'y': 45719489859, 'i': 0, 'x': 0} 1 88 / 95
y=45719489859 i=0 x=0

((((x%x)+(-z))*((x+z)+(y*i)))*(((z%i)*(-z))+((-y)/(z*y))))
56897127300
max: 2401
((((1%1)+(-68719476735))*((1+68719476735)+(56897127300*1)))*(((68719476735%1)*(-68719476735))+((-56897127300)/(68719476735*56897127300)))) 56897127300
{'x': 1, 'z': 68719476735, 'y': 56897127300, 'i': 1} 1 89 / 96
x=1 z=68719476735 y=56897127300 i=1

((((x-y)-(x*y))/((-x)*(z-x)))%(-((z/x)/(y-x))))
0
max: 27
((((0-0)-(0*0))/((-0)*(0-0)))%(-((0/0)/(0-0)))) 0
{'x': 0, 'y': 0, 'z': 0} 1 90 / 97
x=0 y=0 z=0

(-(((-x)+(z%y))+(-(-y))))
38441840905
max: 125
(-(((-0)+(0%30277635831))+(-(-30277635831)))) 38441840905
{'x': 0, 'z': 0, 'y': 30277635831} 1 91 / 98
x=0 z=0 y=30277635831

((((-i)-(z*i))+(-(x-x)))*(((y*x)+(i+y))*((i*x)+(y/i))))
40163539776
max: 2401
((((-1)-(0*1))+(-(28555936960-28555936960)))*(((0*28555936960)+(1+0))*((1*28555936960)+(0/1)))) 40163539776
{'i': 1, 'z': 0, 'x': 28555936960, 'y': 0} 1 92 / 99
i=1 z=0 x=28555936960 y=0

((-((y+x)*(y/x)))%(((z-x)*(x%i))+((z/z)+(i+y))))
2866983533
max: 625
((-((2866983533+0)*(2866983533/0)))%(((0-0)*(0%2866983533))+((0/0)+(2866983533+2866983533)))) 2866983533
{'y': 2866983533, 'x': 0, 'z': 0, 'i': 2866983533} 1 93 / 100
y=2866983533 x=0 z=0 i=2866983533

you got 90 right, OK, your passcode is: flag{z3isgood!-896b58c4d3}
