sample_rate: 22050
32 1293 <class 'numpy.ndarray'> <class 'numpy.ndarray'>

120 [6, 4, 0, 0, 4, -2, -4, -12, -20, -26, -28, -30, -18, -26, -10, -12, -12, -20, -36, -30, -22, -28, -26, -24, -20, -22, -24, -24, -16, -22, -36, -36]
121 [4, 4, 0, 0, 2, -4, -4, -12, -20, -30, -34, -34, -24, -30, -16, -18, -16, -26, -44, -38, -26, -36, -32, -28, -28, -26, -28, -28, -20, -28, -40, -42]
122 [4, 4, -2, 0, 0, -6, -6, -12, -22, -32, -38, -38, -28, -34, -22, -24, -22, -32, -48, -42, -32, -44, -40, -36, -32, -30, -34, -34, -26, -34, -46, -48]
123 [4, 4, -2, 0, 0, -8, -6, -14, -22, -32, -42, -44, -34, -40, -30, -30, -30, -38, -50, -48, -40, -48, -44, -44, -38, -38, -42, -44, -36, -42, -54, -52]
124 [2, 2, -4, -2, -2, -10, -6, -14, -24, -34, -44, -46, -40, -44, -34, -36, -34, -42, -54, -52, -44, -54, -50, -50, -44, -44, -46, -48, -40, -48, -54, -54]
125 [2, 2, -4, -2, -4, -10, -6, -14, -24, -34, -44, -48, -44, -46, -38, -40, -38, -48, -54, -54, -52, -54, -54, -54, -46, -44, -48, -48, -42, -50, -54, -54]
126 [2, 2, -4, -2, -4, -12, -8, -16, -26, -34, -38, -34, -38, -40, -44, -46, -42, -48, -50, -48, -48, -46, -44, -42, -34, -30, -36, -36, -28, -36, -42, -44]
127 [8, 6, -2, 0, -4, -10, -8, -14, -22, -22, -18, -14, -20, -24, -28, -34, -32, -36, -38, -36, -38, -36, -34, -34, -26, -24, -26, -26, -18, -26, -30, -32]
128 [14, 12, 2, 6, -2, -8, -6, -8, -18, -16, -12, -10, -18, -20, -26, -30, -28, -34, -32, -32, -36, -30, -28, -28, -20, -18, -22, -22, -14, -22, -24, -26]
129 [18, 12, 0, 4, -2, -10, -8, -8, -16, -16, -16, -16, -20, -24, -28, -32, -32, -36, -32, -36, -36, -28, -28, -26, -18, -14, -18, -20, -14, -22, -24, -28]
130 [18, 10, -2, 0, -4, -10, -10, -12, -16, -16, -20, -22, -24, -26, -30, -34, -38, -40, -36, -38, -34, -30, -28, -26, -18, -16, -20, -22, -16, -22, -30, -32]
131 [18, 8, 0, -2, -2, -8, -10, -12, -16, -18, -18, -18, -20, -22, -22, -22, -28, -26, -28, -26, -24, -24, -24, -22, -16, -16, -18, -18, -14, -20, -26, -22]
132 [18, 12, 4, 0, 2, -4, -6, -10, -10, -8, -6, -10, -8, -14, -16, -16, -18, -18, -18, -16, -16, -14, -16, -14, -8, -6, -10, -8, -2, -10, -16, -14]
133 [20, 14, 4, 2, 2, -2, -4, -8, -8, -6, -4, -6, -6, -12, -12, -14, -16, -18, -16, -16, -16, -14, -14, -14, -8, -4, -8, -6, 0, -10, -14, -14]
134 [20, 16, 2, 0, 0, -2, -6, -10, -6, -8, -4, -8, -8, -12, -12, -14, -18, -18, -16, -18, -18, -12, -16, -14, -12, -10, -12, -10, -4, -14, -18, -22]
135 [18, 16, 0, 0, -4, -2, -8, -10, -6, -6, -4, -10, -8, -12, -10, -14, -20, -20, -16, -18, -18, -12, -18, -14, -14, -16, -18, -16, -10, -18, -24, -28]
136 [20, 16, 0, -4, -6, -2, -8, -14, -10, -6, -4, -12, -8, -12, -10, -12, -20, -24, -18, -20, -18, -12, -16, -16, -16, -18, -22, -20, -16, -22, -32, -34]
137 [18, 16, 2, -2, -6, -4, -8, -18, -16, -8, -6, -12, -8, -10, -10, -14, -20, -24, -18, -20, -20, -14, -18, -20, -20, -20, -24, -22, -18, -26, -36, -38]
138 [14, 14, 0, -2, -6, -4, -8, -20, -18, -8, -8, -14, -8, -10, -12, -16, -20, -24, -18, -22, -22, -14, -18, -22, -22, -24, -26, -24, -20, -28, -36, -40]
139 [12, 10, 0, -2, -8, -6, -10, -22, -22, -8, -10, -16, -8, -12, -12, -16, -20, -24, -20, -22, -24, -14, -20, -22, -24, -26, -26, -26, -26, -34, -36, -44]

<class 'list'> 43.06640625
127 :
00 ##############################################
01 ############                                  
02 ##############################################
03 #############                                 
04 ##############################################
05 #################                             
06 ##############################################
07 ################                              
08 ##############################################
09 ##################                            
10 ##############################################
11 #####################                         
12 ##############################################
13 ####################                          
14 ##############################################
15 #######################                       
16 ##############################################
17 ###########################                   
18 ##############################################
19 ###########################                   
20 ##############################################
21 #########################                     
22 ##############################################
23 #######################                       
24 ##############################################
25 ##########################                    
26 ##############################################
27 ############################                  
28 ##############################################
29 ##############################                
30 ##############################################
31 #################################             
32 ##############################################
33 ################################              
34 ##############################################
35 ##################################            
36 ##############################################
37 ###################################           
38 ##############################################
39 ##################################            
40 ##############################################
41 ###################################           
42 ##############################################
43 ##################################            
44 ##############################################
45 #################################             
46 ##############################################
47 #################################             
48 ##############################################
49 #############################                 
50 ##############################################
51 ############################                  
52 ##############################################
53 #############################                 
54 ##############################################
55 #############################                 
56 ##############################################
57 #########################                     
58 ##############################################
59 #############################                 
60 ##############################################
61 ###############################               
62 ##############################################
63 ################################              
64 ##############################################

00 #################################################################
01 #################################################################
02 #################################################################
03 #################################################################
04 #################################################################
05 #################################################################
06 #################################################################
07 #################################################################
08 #################################################################
09 #################################################################
10 #################################################################
11 #################################################################
12 # ###############################################################
13 # # #############################################################
14 # # #############################################################
15 # # #############################################################
16 # # ### #########################################################
17 # # # # #########################################################
18 # # # # # #######################################################
19 # # # # # #######################################################
20 # # # # # ### ###################################################
21 # # # # # # # ###################################################
22 # # # # # # # ###################################################
23 # # # # # # # # ####### #########################################
24 # # # # # # # # ####### #########################################
25 # # # # # # # # ##### # ################################# #######
26 # # # # # # # # ##### # # ############################### #######
27 # # # # # # # # # # # # # ############################### #######
28 # # # # # # # # # # # # # # ####################### ##### #######
29 # # # # # # # # # # # # # # ##################### # # # # # #####
30 # # # # # # # # # # # # # # # ################### # # # # # #####
31 # # # # # # # # # # # # # # # ################### # # # # # # ###
32 # # # # # # # # # # # # # # # ### ############### # # # # # # # #
33 # # # # # # # # # # # # # # # # # ########### # # # # # # # # # #
34 # # # # # # # # # # # # # # # # # # ### ### # # # # # # # # # # #
35 # # # # # # # # # # # # # # # # # # # # # # # # # # # # # # # # #
36 # # # # # # # # # # # # # # # # # # # # # # # # # # # # # # # # #
37 # # # # # # # # # # # # # # # # # # # # # # # # # # # # # # # # #
38 # # # # # # # # # # # # # # # # # # # # # # # # # # # # # # # # #
39 # # # # # # # # # # # # # # # # # # # # # # # # # # # # # # # # #
40 # # # # # # # # # # # # # # # # # # # # # # # # # # # # # # # # #
41 # # # # # # # # # # # # # # # # # # # # # # # # # # # # # # # # #
42 # # # # # # # # # # # # # # # # # # # # # # # # # # # # # # # # #
43 # # # # # # # # # # # # # # # # # # # # # # # # # # # # # # # # #
44 # # # # # # # # # # # # # # # # # # # # # # # # # # # # # # # # #
45 # # # # # # # # # # # # # # # # # # # # # # # # # # # # # # # # #

